<?xml version="1.0" encoding="UTF-8"?>
<testng-results ignored="0" total="1" passed="1" failed="0" skipped="0">
  <reporter-output>
  </reporter-output>
  <suite started-at="2023-09-29T11:53:34 IST" name="Default suite" finished-at="2023-09-29T11:53:59 IST" duration-ms="25630">
    <groups>
      <group name="cucumber">
        <method signature="AbstractTestNGCucumberTests.runScenario(io.cucumber.testng.PickleWrapper,io.cucumber.testng.FeatureWrapper)[pri:0, instance:com.Runner.RunnerClass$CucumberRunnerTests@35841320]" name="runScenario" class="io.cucumber.testng.AbstractTestNGCucumberTests"/>
      </group> <!-- cucumber -->
    </groups>
    <test started-at="2023-09-29T11:53:34 IST" name="Default test" finished-at="2023-09-29T11:53:59 IST" duration-ms="25630">
      <class name="com.Runner.RunnerClass$CucumberRunnerTests">
        <test-method is-config="true" signature="setUpClass(org.testng.ITestContext)[pri:0, instance:com.Runner.RunnerClass$CucumberRunnerTests@35841320]" started-at="2023-09-29T11:53:34 IST" name="setUpClass" finished-at="2023-09-29T11:53:34 IST" duration-ms="561" status="PASS">
          <params>
            <param index="0">
              <value>
                <![CDATA[org.testng.TestRunner@54d35ed5]]>
              </value>
            </param>
          </params>
          <reporter-output>
          </reporter-output>
        </test-method> <!-- setUpClass -->
        <test-method signature="runScenario(io.cucumber.testng.PickleWrapper,io.cucumber.testng.FeatureWrapper)[pri:0, instance:com.Runner.RunnerClass$CucumberRunnerTests@35841320]" started-at="2023-09-29T11:53:34 IST" name="runScenario" description="Runs Cucumber Scenarios" data-provider="scenarios" finished-at="2023-09-29T11:53:57 IST" duration-ms="23138" status="PASS">
          <params>
            <param index="0">
              <value>
                <![CDATA["User Performs the  functionality"]]>
              </value>
            </param>
            <param index="1">
              <value>
                <![CDATA["Testing Pathology functionalities of Demo Smart Hospital"]]>
              </value>
            </param>
          </params>
          <reporter-output>
          </reporter-output>
        </test-method> <!-- runScenario -->
        <test-method is-config="true" signature="tearDownClass()[pri:0, instance:com.Runner.RunnerClass$CucumberRunnerTests@35841320]" started-at="2023-09-29T11:53:57 IST" name="tearDownClass" finished-at="2023-09-29T11:53:59 IST" duration-ms="1883" status="PASS">
          <reporter-output>
          </reporter-output>
        </test-method> <!-- tearDownClass -->
      </class> <!-- com.Runner.RunnerClass$CucumberRunnerTests -->
    </test> <!-- Default test -->
  </suite> <!-- Default suite -->
</testng-results>
